<?xml version="1.0" encoding="UTF-8"?>
<!-- Generated by org.testng.reporters.JUnitXMLReporter -->
<testsuite ignored="0" hostname="DESKTOP-59HQ26K" failures="0" tests="8" name="ChromeTest" time="138.789" errors="0" timestamp="2024-12-16T22:15:02 IST">
  <testcase classname="testCases.TC_AR_001" name="verity_account_registration" time="13.041"/>
  <testcase classname="testCases.TC_LT_002" name="verifylogin" time="3.77"/>
  <testcase classname="testCases.TC_SP_003" name="SearchProduct" time="9.951"/>
  <testcase classname="testCases.TC_RF_004" name="verifyRegisterAccountWithoutDetails" time="5.006"/>
  <testcase classname="testCases.TC_NL_005" name="VerifyRegistringAccountBySubscribingNewsLetter" time="5.211"/>
  <testcase classname="testCases.TC_RPF_006" name="VerifyRegisterPagesUsingMultipleWays" time="14.939"/>
  <testcase classname="testCases.TC_WPWD_007" name="VerifyWorngPwdMsg" time="5.525"/>
  <testcase classname="testCases.TC_RMAIL__008" name="VerifyRegisterAccountWithRepeatEmail" time="9.075"/>
</testsuite> <!-- ChromeTest -->
