<?xml version="1.0" encoding="UTF-8"?>
<!-- Generated by org.testng.reporters.JUnitXMLReporter -->
<testsuite ignored="0" hostname="DESKTOP-59HQ26K" failures="0" tests="8" name="ChromeTest" time="261.431" errors="0" timestamp="2024-12-19T21:40:08 IST">
  <testcase classname="testCases.TC_AR_001" name="verity_account_registration" time="12.659"/>
  <testcase classname="testCases.TC_LT_002" name="verifylogin" time="11.064"/>
  <testcase classname="testCases.TC_SP_003" name="SearchProduct" time="12.506"/>
  <testcase classname="testCases.TC_RF_004" name="verifyRegisterAccountWithoutDetails" time="13.346"/>
  <testcase classname="testCases.TC_NL_005" name="VerifyRegistringAccountBySubscribingNewsLetter" time="12.762"/>
  <testcase classname="testCases.TC_RPF_006" name="VerifyRegisterPagesUsingMultipleWays" time="19.579"/>
  <testcase classname="testCases.TC_WPWD_007" name="VerifyWorngPwdMsg" time="15.853"/>
  <testcase classname="testCases.TC_RMAIL__008" name="VerifyRegisterAccountWithRepeatEmail" time="23.856"/>
</testsuite> <!-- ChromeTest -->
