<?xml version="1.0" encoding="UTF-8"?>
<!-- Generated by org.testng.reporters.JUnitXMLReporter -->
<testsuite ignored="0" hostname="DESKTOP-59HQ26K" failures="0" tests="8" name="EdgeTest" time="176.894" errors="0" timestamp="2024-12-19T21:38:43 IST">
  <testcase classname="testCases.TC_AR_001" name="verity_account_registration" time="6.43"/>
  <testcase classname="testCases.TC_LT_002" name="verifylogin" time="2.412"/>
  <testcase classname="testCases.TC_SP_003" name="SearchProduct" time="9.061"/>
  <testcase classname="testCases.TC_RF_004" name="verifyRegisterAccountWithoutDetails" time="2.524"/>
  <testcase classname="testCases.TC_NL_005" name="VerifyRegistringAccountBySubscribingNewsLetter" time="8.018"/>
  <testcase classname="testCases.TC_RPF_006" name="VerifyRegisterPagesUsingMultipleWays" time="19.372"/>
  <testcase classname="testCases.TC_WPWD_007" name="VerifyWorngPwdMsg" time="3.774"/>
  <testcase classname="testCases.TC_RMAIL__008" name="VerifyRegisterAccountWithRepeatEmail" time="3.838"/>
</testsuite> <!-- EdgeTest -->
