<?xml version="1.0" encoding="UTF-8"?>
<!-- Generated by org.testng.reporters.JUnitXMLReporter -->
<testsuite ignored="0" hostname="DESKTOP-59HQ26K" failures="0" tests="7" name="Edge Test" time="32.521" errors="0" timestamp="2024-12-15T21:24:11 IST">
  <testcase classname="testCases.TC_AR_001" name="verity_account_registration" time="0.0">
    <skipped/>
  </testcase> <!-- verity_account_registration -->
  <testcase classname="testCases.TC_LT_002" name="verifylogin" time="0.0">
    <skipped/>
  </testcase> <!-- verifylogin -->
  <testcase classname="testCases.TC_SP_003" name="SearchProduct" time="0.0">
    <skipped/>
  </testcase> <!-- SearchProduct -->
  <testcase classname="testCases.TC_RF_004" name="verifyRegisterAccountWithoutDetails" time="0.0">
    <skipped/>
  </testcase> <!-- verifyRegisterAccountWithoutDetails -->
  <testcase classname="testCases.TC_NL_005" name="VerifyRegistringAccountBySubscribingNewsLetter" time="0.0">
    <skipped/>
  </testcase> <!-- VerifyRegistringAccountBySubscribingNewsLetter -->
  <testcase classname="testCases.TC_RPF_006" name="VerifyRegisterPagesUsingMultipleWays" time="0.001">
    <skipped/>
  </testcase> <!-- VerifyRegisterPagesUsingMultipleWays -->
  <testcase classname="testCases.TC_WPWD_007" name="VerifyWorngPwdMsg" time="0.0">
    <skipped/>
  </testcase> <!-- VerifyWorngPwdMsg -->
</testsuite> <!-- Edge Test -->
