<?xml version="1.0" encoding="UTF-8"?>
<!-- Generated by org.testng.reporters.JUnitXMLReporter -->
<testsuite ignored="0" hostname="DESKTOP-59HQ26K" failures="0" tests="7" name="firefoxTest" time="105.921" errors="0" timestamp="2024-12-15T21:53:11 IST">
  <testcase classname="testCases.TC_AR_001" name="verity_account_registration" time="2.286"/>
  <testcase classname="testCases.TC_LT_002" name="verifylogin" time="1.641"/>
  <testcase classname="testCases.TC_SP_003" name="SearchProduct" time="4.526"/>
  <testcase classname="testCases.TC_RF_004" name="verifyRegisterAccountWithoutDetails" time="1.218"/>
  <testcase classname="testCases.TC_NL_005" name="VerifyRegistringAccountBySubscribingNewsLetter" time="3.122"/>
  <testcase classname="testCases.TC_RPF_006" name="VerifyRegisterPagesUsingMultipleWays" time="12.059"/>
  <testcase classname="testCases.TC_WPWD_007" name="VerifyWorngPwdMsg" time="2.039"/>
</testsuite> <!-- firefoxTest -->
