<?xml version="1.0" encoding="UTF-8"?>
<!-- Generated by org.testng.reporters.JUnitXMLReporter -->
<testsuite ignored="0" hostname="DESKTOP-59HQ26K" failures="0" tests="8" name="firefoxTest" time="183.868" errors="0" timestamp="2024-12-16T22:15:47 IST">
  <testcase classname="testCases.TC_AR_001" name="verity_account_registration" time="2.735"/>
  <testcase classname="testCases.TC_LT_002" name="verifylogin" time="1.833"/>
  <testcase classname="testCases.TC_SP_003" name="SearchProduct" time="6.036"/>
  <testcase classname="testCases.TC_RF_004" name="verifyRegisterAccountWithoutDetails" time="1.476"/>
  <testcase classname="testCases.TC_NL_005" name="VerifyRegistringAccountBySubscribingNewsLetter" time="3.991"/>
  <testcase classname="testCases.TC_RPF_006" name="VerifyRegisterPagesUsingMultipleWays" time="13.502"/>
  <testcase classname="testCases.TC_WPWD_007" name="VerifyWorngPwdMsg" time="2.535"/>
  <testcase classname="testCases.TC_RMAIL__008" name="VerifyRegisterAccountWithRepeatEmail" time="2.175"/>
</testsuite> <!-- firefoxTest -->
