<?xml version="1.0" encoding="UTF-8"?>
<!-- Generated by org.testng.reporters.JUnitXMLReporter -->
<testsuite ignored="0" hostname="DESKTOP-59HQ26K" failures="0" tests="8" name="Test" time="89.108" errors="0" timestamp="2024-12-16T22:12:12 IST">
  <testcase classname="testCases.TC_AR_001" name="verity_account_registration" time="3.286"/>
  <testcase classname="testCases.TC_LT_002" name="verifylogin" time="2.129"/>
  <testcase classname="testCases.TC_SP_003" name="SearchProduct" time="4.746"/>
  <testcase classname="testCases.TC_RF_004" name="verifyRegisterAccountWithoutDetails" time="1.673"/>
  <testcase classname="testCases.TC_NL_005" name="VerifyRegistringAccountBySubscribingNewsLetter" time="3.867"/>
  <testcase classname="testCases.TC_RPF_006" name="VerifyRegisterPagesUsingMultipleWays" time="12.607"/>
  <testcase classname="testCases.TC_WPWD_007" name="VerifyWorngPwdMsg" time="2.909"/>
  <testcase classname="testCases.TC_RMAIL__008" name="VerifyRegisterAccountWithRepeatEmail" time="2.757"/>
</testsuite> <!-- Test -->
