<?xml version="1.0" encoding="UTF-8"?>
<testng-results ignored="0" total="1" passed="1" failed="0" skipped="0">
  <reporter-output>
  </reporter-output>
  <suite started-at="2024-12-10T21:04:33 IST" name="Default suite" finished-at="2024-12-10T21:04:46 IST" duration-ms="12481">
    <groups>
    </groups>
    <test started-at="2024-12-10T21:04:33 IST" name="Default test" finished-at="2024-12-10T21:04:46 IST" duration-ms="12481">
      <class name="testCases.TC_AR_001">
        <test-method is-config="true" signature="Setup()[pri:0, instance:testCases.TC_AR_001@180da663]" started-at="2024-12-10T21:04:33 IST" name="Setup" finished-at="2024-12-10T21:04:40 IST" duration-ms="7074" status="PASS">
          <reporter-output>
          </reporter-output>
        </test-method> <!-- Setup -->
        <test-method signature="verity_account_registration()[pri:0, instance:testCases.TC_AR_001@180da663]" started-at="2024-12-10T21:04:40 IST" name="verity_account_registration" finished-at="2024-12-10T21:04:44 IST" duration-ms="3666" status="PASS">
          <reporter-output>
          </reporter-output>
        </test-method> <!-- verity_account_registration -->
        <test-method is-config="true" signature="tearDown()[pri:0, instance:testCases.TC_AR_001@180da663]" started-at="2024-12-10T21:04:44 IST" name="tearDown" finished-at="2024-12-10T21:04:46 IST" duration-ms="1653" status="PASS">
          <reporter-output>
          </reporter-output>
        </test-method> <!-- tearDown -->
      </class> <!-- testCases.TC_AR_001 -->
    </test> <!-- Default test -->
  </suite> <!-- Default suite -->
</testng-results>
